C:\Program Files\Microsoft Visual Studio\2022\Community\MSBuild\Microsoft\VC\v170\Microsoft.CppBuild.targets(516,5): warning MSB8004: Intermediate 目录未以斜杠结尾。  此生成实例将添加斜杠，因为必须有这个斜杠才能正确计算 Intermediate 目录。
C:\Program Files\Microsoft Visual Studio\2022\Community\MSBuild\Microsoft\VC\v170\Microsoft.CppBuild.targets(517,5): warning MSB8004: Output 目录未以斜杠结尾。  此生成实例将添加斜杠，因为必须有这个斜杠才能正确计算 Output 目录。
  bytecodemanager.cpp
  config.cpp
  fastweb.cpp
  global.cpp
  main.cpp
  statemanager.cpp
  globalfuns.cpp
  request.cpp
  response.cpp
  session.cpp
  localstorage.cpp
  mysql.cpp
  logutils.cpp
  luautils.cpp
  正在生成代码
  Previous IPDB not found, fall back to full compilation.
  All 16180 functions were compiled because no usable IPDB/IOBJ from previous compilation was found.
  已完成代码的生成
  fastweb.vcxproj -> D:\project\fastweb\bin\release\fastweb.exe
